<?xml version="1.0" encoding="UTF-8"?>
<!-- Generated by org.testng.reporters.JUnitReportReporter -->
<testsuite hostname="DESKTOP-P1542NS" failures="0" tests="1" name="com.SauceDemo.TestClasses.VerifyLogoutFunctionality" time="15.150" errors="0" timestamp="2022-08-04T22:49:18 IST" skipped="0">
  <testcase classname="com.SauceDemo.TestClasses.VerifyLogoutFunctionality" name="VerifyLogoutFunctionality" time="15.150"/>
  <system-out/>
</testsuite> <!-- com.SauceDemo.TestClasses.VerifyLogoutFunctionality -->
