<?xml version="1.0" encoding="UTF-8"?>
<!-- Generated by org.testng.reporters.JUnitReportReporter -->
<testsuite hostname="DESKTOP-P1542NS" failures="0" tests="1" name="com.SauceDemo.TestClasses.VerifyLoginPageFunctionality" time="3.016" errors="0" timestamp="2022-08-04T22:42:36 IST" skipped="0">
  <testcase classname="com.SauceDemo.TestClasses.VerifyLoginPageFunctionality" name="CheckLoginFunctionality" time="3.016"/>
  <system-out/>
</testsuite> <!-- com.SauceDemo.TestClasses.VerifyLoginPageFunctionality -->
